Pseudo-terminal will not be allocated because stdin is not a terminal.
[32mForwarding TCP connections from serveo.net:38873
[0mPseudo-terminal will not be allocated because stdin is not a terminal.
[32mForwarding TCP connections from serveo.net:38873
[0mPseudo-terminal will not be allocated because stdin is not a terminal.
[32mForwarding TCP connections from serveo.net:12345
[0mTCP connection from 184.73.130.253 on port 12345
TCP connection from 46.142.162.132 on port 12345
TCP connection from 46.142.162.132 on port 12345
TCP connection from 46.142.162.132 on port 12345
TCP connection from 46.142.162.132 on port 12345
Connection to paperbenni.mooo.com closed by remote host.
Pseudo-terminal will not be allocated because stdin is not a terminal.
[32mForwarding TCP connections from serveo.net:12345
[0mConnection to paperbenni.mooo.com closed by remote host.
Pseudo-terminal will not be allocated because stdin is not a terminal.
[32mForwarding TCP connections from serveo.net:12345
[0mConnection to paperbenni.mooo.com closed by remote host.
Pseudo-terminal will not be allocated because stdin is not a terminal.
[32mForwarding TCP connections from serveo.net:12345
[0mConnection to paperbenni.mooo.com closed by remote host.
Pseudo-terminal will not be allocated because stdin is not a terminal.
[32mForwarding TCP connections from serveo.net:12345
[0mConnection to paperbenni.mooo.com closed by remote host.
Pseudo-terminal will not be allocated because stdin is not a terminal.
[32mForwarding TCP connections from serveo.net:12345
[0m